<?xml version="1.0" encoding="UTF-8"?>
<testng-results skipped="0" failed="0" ignored="0" total="1" passed="1">
  <reporter-output>
  </reporter-output>
  <suite name="Suite" duration-ms="62" started-at="2018-10-23T03:03:55Z" finished-at="2018-10-23T03:03:55Z">
    <groups>
    </groups>
    <test name="Test" duration-ms="62" started-at="2018-10-23T03:03:55Z" finished-at="2018-10-23T03:03:55Z">
      <class name="com.postscripts.Tc_01_CreateJiraIssue">
        <test-method status="PASS" signature="createIssue()[pri:0, instance:com.postscripts.Tc_01_CreateJiraIssue@31a5c39e]" name="createIssue" duration-ms="0" started-at="2018-10-23T03:03:55Z" finished-at="2018-10-23T03:03:55Z">
          <reporter-output>
          </reporter-output>
        </test-method> <!-- createIssue -->
      </class> <!-- com.postscripts.Tc_01_CreateJiraIssue -->
    </test> <!-- Test -->
  </suite> <!-- Suite -->
</testng-results>
